<?xml version="1.0" encoding="UTF-8"?>
<!-- Generated by org.testng.reporters.JUnitXMLReporter -->
<testsuite ignored="0" hostname="AthiraKrishnan" failures="0" tests="5" name="Test" time="3.499" errors="0" timestamp="2022-02-28T18:25:00 IST">
  <testcase classname="testcases.TC_VideoGameAPI" name="getAllVideoGames" time="2.072"/>
  <testcase classname="testcases.TC_VideoGameAPI" name="createVideoGame" time="0.494"/>
  <testcase classname="testcases.TC_VideoGameAPI" name="getVideoGame" time="0.636"/>
  <testcase classname="testcases.TC_VideoGameAPI" name="updateVideoGame" time="0.082"/>
  <testcase classname="testcases.TC_VideoGameAPI" name="deleteVideoGame" time="0.186"/>
</testsuite> <!-- Test -->
