<?xml version="1.0" encoding="UTF-8"?>
<testng-results ignored="0" total="5" passed="5" failed="0" skipped="0">
  <reporter-output>
  </reporter-output>
  <suite started-at="2022-02-28T18:24:57 IST" name="Suite" finished-at="2022-02-28T18:25:00 IST" duration-ms="3499">
    <groups>
    </groups>
    <test started-at="2022-02-28T18:24:57 IST" name="Test" finished-at="2022-02-28T18:25:00 IST" duration-ms="3499">
      <class name="testcases.TC_VideoGameAPI">
        <test-method signature="getAllVideoGames()[pri:1, instance:testcases.TC_VideoGameAPI@70325e14]" started-at="2022-02-28T18:24:57 IST" name="getAllVideoGames" finished-at="2022-02-28T18:24:59 IST" duration-ms="2072" status="PASS">
          <reporter-output>
          </reporter-output>
        </test-method> <!-- getAllVideoGames -->
        <test-method signature="createVideoGame()[pri:2, instance:testcases.TC_VideoGameAPI@70325e14]" started-at="2022-02-28T18:24:59 IST" name="createVideoGame" finished-at="2022-02-28T18:24:59 IST" duration-ms="494" status="PASS">
          <reporter-output>
          </reporter-output>
        </test-method> <!-- createVideoGame -->
        <test-method signature="getVideoGame()[pri:3, instance:testcases.TC_VideoGameAPI@70325e14]" started-at="2022-02-28T18:24:59 IST" name="getVideoGame" finished-at="2022-02-28T18:25:00 IST" duration-ms="636" status="PASS">
          <reporter-output>
          </reporter-output>
        </test-method> <!-- getVideoGame -->
        <test-method signature="updateVideoGame()[pri:4, instance:testcases.TC_VideoGameAPI@70325e14]" started-at="2022-02-28T18:25:00 IST" name="updateVideoGame" finished-at="2022-02-28T18:25:00 IST" duration-ms="82" status="PASS">
          <reporter-output>
          </reporter-output>
        </test-method> <!-- updateVideoGame -->
        <test-method signature="deleteVideoGame()[pri:5, instance:testcases.TC_VideoGameAPI@70325e14]" started-at="2022-02-28T18:25:00 IST" name="deleteVideoGame" finished-at="2022-02-28T18:25:00 IST" duration-ms="186" status="PASS">
          <reporter-output>
          </reporter-output>
        </test-method> <!-- deleteVideoGame -->
      </class> <!-- testcases.TC_VideoGameAPI -->
    </test> <!-- Test -->
  </suite> <!-- Suite -->
</testng-results>
