<?xml version="1.0" encoding="UTF-8"?>
<testng-results ignored="0" total="5" passed="5" failed="0" skipped="0">
  <reporter-output>
  </reporter-output>
  <suite started-at="2022-02-28T18:06:41 IST" name="Suite" finished-at="2022-02-28T18:06:44 IST" duration-ms="3353">
    <groups>
    </groups>
    <test started-at="2022-02-28T18:06:41 IST" name="Test" finished-at="2022-02-28T18:06:44 IST" duration-ms="3353">
      <class name="testcases.TC_VideoGameAPI">
        <test-method signature="getAllVideoGames()[pri:1, instance:testcases.TC_VideoGameAPI@1b2abca6]" started-at="2022-02-28T18:06:41 IST" name="getAllVideoGames" finished-at="2022-02-28T18:06:43 IST" duration-ms="2369" status="PASS">
          <reporter-output>
          </reporter-output>
        </test-method> <!-- getAllVideoGames -->
        <test-method signature="createVideoGame()[pri:2, instance:testcases.TC_VideoGameAPI@1b2abca6]" started-at="2022-02-28T18:06:43 IST" name="createVideoGame" finished-at="2022-02-28T18:06:44 IST" duration-ms="382" status="PASS">
          <reporter-output>
          </reporter-output>
        </test-method> <!-- createVideoGame -->
        <test-method signature="getVideoGame()[pri:3, instance:testcases.TC_VideoGameAPI@1b2abca6]" started-at="2022-02-28T18:06:44 IST" name="getVideoGame" finished-at="2022-02-28T18:06:44 IST" duration-ms="417" status="PASS">
          <reporter-output>
          </reporter-output>
        </test-method> <!-- getVideoGame -->
        <test-method signature="updateVideoGame()[pri:4, instance:testcases.TC_VideoGameAPI@1b2abca6]" started-at="2022-02-28T18:06:44 IST" name="updateVideoGame" finished-at="2022-02-28T18:06:44 IST" duration-ms="53" status="PASS">
          <reporter-output>
          </reporter-output>
        </test-method> <!-- updateVideoGame -->
        <test-method signature="deleteVideoGame()[pri:5, instance:testcases.TC_VideoGameAPI@1b2abca6]" started-at="2022-02-28T18:06:44 IST" name="deleteVideoGame" finished-at="2022-02-28T18:06:44 IST" duration-ms="94" status="PASS">
          <reporter-output>
          </reporter-output>
        </test-method> <!-- deleteVideoGame -->
      </class> <!-- testcases.TC_VideoGameAPI -->
    </test> <!-- Test -->
  </suite> <!-- Suite -->
</testng-results>
